<?xml version='1.0' encoding='UTF-8'?>
<testsuite hostname="James-Windows" name="vectors.VectorOpsSuite" tests="19" errors="0" failures="3" skipped="0" time="241.057" timestamp="2023-09-12T11:25:24">
          <properties>
[...]
</properties>
          <testcase classname="vectors.VectorOpsSuite" name="can scale a vector" time="0.039">
                      
                    </testcase><testcase classname="vectors.VectorOpsSuite" name="can add two vectors" time="0.0">
                      
                    </testcase><testcase classname="vectors.VectorOpsSuite" name="can get the dot product of two vectors" time="0.001">
                      
                    </testcase><testcase classname="vectors.VectorOpsSuite" name="can get the cross product of two vectors" time="0.0">
                      
                    </testcase><testcase classname="vectors.VectorOpsSuite" name="can get cross product run #1" time="0.001">
                      
                    </testcase><testcase classname="vectors.VectorOpsSuite" name="can get cross product run #2" time="0.0">
                      
                    </testcase><testcase classname="vectors.VectorOpsSuite" name="can get cross product run #3" time="0.0">
                      
                    </testcase><testcase classname="vectors.VectorOpsSuite" name="scale can be stacked" time="40.549">
                      <failure message="/home/nick/functional/vector-operations/src/test/scala/vectors/VectorOpsSuite.scala:77
76:    }
[7m77:  }[0m
78:

Failing seed: 1GH_AZyuJSFYAiPQX2MFcWx1dwJcmaehlZZn8_oljHM=
You can reproduce this failure by adding the following override to your suite:

  override val scalaCheckInitialSeed = &quot;1GH_AZyuJSFYAiPQX2MFcWx1dwJcmaehlZZn8_oljHM=&quot;

Falsified after 3 passed tests.
&gt; ARG_0: -3.01837183427883E45
&gt; ARG_1: -1.846112816543554E42
&gt; ARG_2: (0.0,4.1842711721487876E-23,3.8345316276416975E220)
&gt; ARG_0_ORIGINAL: -1.0910622966496182E267
&gt; ARG_2_ORIGINAL: (5.3291755710967824E42,4.1842711721487876E-23,3.8345316276416975E220)" type="munit.FailException">munit.FailException: /home/nick/functional/vector-operations/src/test/scala/vectors/VectorOpsSuite.scala:77
76:    }
[7m77:  }[0m
78:

Failing seed: 1GH_AZyuJSFYAiPQX2MFcWx1dwJcmaehlZZn8_oljHM=
You can reproduce this failure by adding the following override to your suite:

  override val scalaCheckInitialSeed = &quot;1GH_AZyuJSFYAiPQX2MFcWx1dwJcmaehlZZn8_oljHM=&quot;

Falsified after 3 passed tests.
&gt; ARG_0: -3.01837183427883E45
&gt; ARG_1: -1.846112816543554E42
&gt; ARG_2: (0.0,4.1842711721487876E-23,3.8345316276416975E220)
&gt; ARG_0_ORIGINAL: -1.0910622966496182E267
&gt; ARG_2_ORIGINAL: (5.3291755710967824E42,4.1842711721487876E-23,3.8345316276416975E220)
	at munit.Assertions.fail(Assertions.scala:283)
	at munit.Assertions.fail$(Assertions.scala:15)
	at munit.FunSuite.fail(FunSuite.scala:11)
	at munit.ScalaCheckSuite.propToTry$$anonfun$1(ScalaCheckSuite.scala:104)
	at scala.util.Try$.apply(Try.scala:210)
	at munit.ScalaCheckSuite.propToTry(ScalaCheckSuite.scala:104)
	at munit.ScalaCheckSuite.$init$$$anonfun$2$$anonfun$1$$anonfun$1(ScalaCheckSuite.scala:46)
	at scala.concurrent.impl.Promise$Transformation.run(Promise.scala:475)
	at munit.Suite$$anon$1.execute(Suite.scala:26)
	at scala.concurrent.impl.Promise$Transformation.submitWithValue(Promise.scala:429)
	at scala.concurrent.impl.Promise$DefaultPromise.submitWithValue(Promise.scala:338)
	at scala.concurrent.impl.Promise$DefaultPromise.dispatchOrAddCallbacks(Promise.scala:312)
	at scala.concurrent.impl.Promise$DefaultPromise.transform(Promise.scala:128)
	at munit.internal.FutureCompat$ExtensionFuture.transformCompat(FutureCompat.scala:16)
	at munit.ScalaCheckSuite.$init$$$anonfun$3$$anonfun$2(ScalaCheckSuite.scala:48)
	at munit.GenericTest.withBodyMap$$anonfun$1(GenericTest.scala:33)
	at munit.MUnitRunner.$anonfun$8(MUnitRunner.scala:296)
</failure>
                    </testcase><testcase classname="vectors.VectorOpsSuite" name="addition is commutative" time="0.002">
                      
                    </testcase><testcase classname="vectors.VectorOpsSuite" name="addition is associative" time="0.005">
                      
                    </testcase><testcase classname="vectors.VectorOpsSuite" name="dot product of a vector and itself is never negative" time="0.002">
                      
                    </testcase><testcase classname="vectors.VectorOpsSuite" name="dot product is commutative run #1" time="0.001">
                      
                    </testcase><testcase classname="vectors.VectorOpsSuite" name="dot product is commutative run #2" time="0.0">
                      
                    </testcase><testcase classname="vectors.VectorOpsSuite" name="dot product is commutative run #3" time="0.0">
                      
                    </testcase><testcase classname="vectors.VectorOpsSuite" name="dot product is always commutative" time="0.332">
                      <failure message="/home/nick/functional/vector-operations/src/test/scala/vectors/VectorOpsSuite.scala:130
129:    }
[7m130:  }[0m
131:

Failing seed: UiwU5H88JU3QBuJV3aKkgbTkYAw-X4soEtSV-TicibD=
You can reproduce this failure by adding the following override to your suite:

  override val scalaCheckInitialSeed = &quot;UiwU5H88JU3QBuJV3aKkgbTkYAw-X4soEtSV-TicibD=&quot;

Falsified after 3 passed tests.
&gt; ARG_0: (3.290224559509918E-83,0.0,9.835364053903514E179)
&gt; ARG_1: (0.0,0.0,2.0754846916083725E128)
&gt; ARG_0_ORIGINAL: (3.290224559509918E-83,-3.3292411631793057E80,2.956642726102461E290)
&gt; ARG_1_ORIGINAL: (-1.58807857891627E250,1.0878500826606146E20,2.0754846916083725E128)" type="munit.FailException">munit.FailException: /home/nick/functional/vector-operations/src/test/scala/vectors/VectorOpsSuite.scala:130
129:    }
[7m130:  }[0m
131:

Failing seed: UiwU5H88JU3QBuJV3aKkgbTkYAw-X4soEtSV-TicibD=
You can reproduce this failure by adding the following override to your suite:

  override val scalaCheckInitialSeed = &quot;UiwU5H88JU3QBuJV3aKkgbTkYAw-X4soEtSV-TicibD=&quot;

Falsified after 3 passed tests.
&gt; ARG_0: (3.290224559509918E-83,0.0,9.835364053903514E179)
&gt; ARG_1: (0.0,0.0,2.0754846916083725E128)
&gt; ARG_0_ORIGINAL: (3.290224559509918E-83,-3.3292411631793057E80,2.956642726102461E290)
&gt; ARG_1_ORIGINAL: (-1.58807857891627E250,1.0878500826606146E20,2.0754846916083725E128)
	at munit.Assertions.fail(Assertions.scala:283)
	at munit.Assertions.fail$(Assertions.scala:15)
	at munit.FunSuite.fail(FunSuite.scala:11)
	at munit.ScalaCheckSuite.propToTry$$anonfun$1(ScalaCheckSuite.scala:104)
	at scala.util.Try$.apply(Try.scala:210)
	at munit.ScalaCheckSuite.propToTry(ScalaCheckSuite.scala:104)
	at munit.ScalaCheckSuite.$init$$$anonfun$2$$anonfun$1$$anonfun$1(ScalaCheckSuite.scala:46)
	at scala.concurrent.impl.Promise$Transformation.run(Promise.scala:475)
	at munit.Suite$$anon$1.execute(Suite.scala:26)
	at scala.concurrent.impl.Promise$Transformation.submitWithValue(Promise.scala:429)
	at scala.concurrent.impl.Promise$DefaultPromise.submitWithValue(Promise.scala:338)
	at scala.concurrent.impl.Promise$DefaultPromise.dispatchOrAddCallbacks(Promise.scala:312)
	at scala.concurrent.impl.Promise$DefaultPromise.transform(Promise.scala:128)
	at munit.internal.FutureCompat$ExtensionFuture.transformCompat(FutureCompat.scala:16)
	at munit.ScalaCheckSuite.$init$$$anonfun$3$$anonfun$2(ScalaCheckSuite.scala:48)
	at munit.GenericTest.withBodyMap$$anonfun$1(GenericTest.scala:33)
	at munit.MUnitRunner.$anonfun$8(MUnitRunner.scala:296)
</failure>
                    </testcase><testcase classname="vectors.VectorOpsSuite" name="cross product is almost commutative run #1" time="0.001">
                      
                    </testcase><testcase classname="vectors.VectorOpsSuite" name="cross product is almost commutative run #2" time="0.0">
                      
                    </testcase><testcase classname="vectors.VectorOpsSuite" name="cross product is almost commutative run #3" time="0.001">
                      
                    </testcase><testcase classname="vectors.VectorOpsSuite" name="cross product is always almost commutative" time="200.123">
                      <failure message="/home/nick/functional/vector-operations/src/test/scala/vectors/VectorOpsSuite.scala:164
163:    }
[7m164:  }[0m
165:}

Failing seed: Cu4Z6KCS6VLuGk-QS5xCag14KHK1d7mOW4EtunXZEtA=
You can reproduce this failure by adding the following override to your suite:

  override val scalaCheckInitialSeed = &quot;Cu4Z6KCS6VLuGk-QS5xCag14KHK1d7mOW4EtunXZEtA=&quot;

Falsified after 35 passed tests.
&gt; ARG_0: (-1.2898723967997902E185,-7.78384360731562E-59,-6.746214418004385E135)
&gt; ARG_1: (-5.257194295634556E172,0.0,-1.499532828799122E123)
&gt; ARG_0_ORIGINAL: (-5.2043325615373855E303,-7.78384360731562E-59,-4.7678116571266655E208)
&gt; ARG_1_ORIGINAL: (-5.257194295634556E172,8.110106989618252E299,-1.499532828799122E123)" type="munit.FailException">munit.FailException: /home/nick/functional/vector-operations/src/test/scala/vectors/VectorOpsSuite.scala:164
163:    }
[7m164:  }[0m
165:}

Failing seed: Cu4Z6KCS6VLuGk-QS5xCag14KHK1d7mOW4EtunXZEtA=
You can reproduce this failure by adding the following override to your suite:

  override val scalaCheckInitialSeed = &quot;Cu4Z6KCS6VLuGk-QS5xCag14KHK1d7mOW4EtunXZEtA=&quot;

Falsified after 35 passed tests.
&gt; ARG_0: (-1.2898723967997902E185,-7.78384360731562E-59,-6.746214418004385E135)
&gt; ARG_1: (-5.257194295634556E172,0.0,-1.499532828799122E123)
&gt; ARG_0_ORIGINAL: (-5.2043325615373855E303,-7.78384360731562E-59,-4.7678116571266655E208)
&gt; ARG_1_ORIGINAL: (-5.257194295634556E172,8.110106989618252E299,-1.499532828799122E123)
	at munit.Assertions.fail(Assertions.scala:283)
	at munit.Assertions.fail$(Assertions.scala:15)
	at munit.FunSuite.fail(FunSuite.scala:11)
	at munit.ScalaCheckSuite.propToTry$$anonfun$1(ScalaCheckSuite.scala:104)
	at scala.util.Try$.apply(Try.scala:210)
	at munit.ScalaCheckSuite.propToTry(ScalaCheckSuite.scala:104)
	at munit.ScalaCheckSuite.$init$$$anonfun$2$$anonfun$1$$anonfun$1(ScalaCheckSuite.scala:46)
	at scala.concurrent.impl.Promise$Transformation.run(Promise.scala:475)
	at munit.Suite$$anon$1.execute(Suite.scala:26)
	at scala.concurrent.impl.Promise$Transformation.submitWithValue(Promise.scala:429)
	at scala.concurrent.impl.Promise$DefaultPromise.submitWithValue(Promise.scala:338)
	at scala.concurrent.impl.Promise$DefaultPromise.dispatchOrAddCallbacks(Promise.scala:312)
	at scala.concurrent.impl.Promise$DefaultPromise.transform(Promise.scala:128)
	at munit.internal.FutureCompat$ExtensionFuture.transformCompat(FutureCompat.scala:16)
	at munit.ScalaCheckSuite.$init$$$anonfun$3$$anonfun$2(ScalaCheckSuite.scala:48)
	at munit.GenericTest.withBodyMap$$anonfun$1(GenericTest.scala:33)
	at munit.MUnitRunner.$anonfun$8(MUnitRunner.scala:296)
</failure>
                    </testcase>
          <system-out><![CDATA[]]></system-out>
          <system-err><![CDATA[]]></system-err>
        </testsuite>